{"/Users/gonzoblasco/Projects/my-insurance-app/src/components/Greeting.tsx": {"path":"/Users/gonzoblasco/Projects/my-insurance-app/src/components/Greeting.tsx","statementMap":{"0":{"start":{"line":7,"column":42},"end":{"line":9,"column":1}},"1":{"start":{"line":8,"column":2},"end":{"line":8,"column":33}},"2":{"start":{"line":11,"column":0},"end":{"line":11,"column":24}}},"fnMap":{"0":{"name":"(anonymous_0)","decl":{"start":{"line":7,"column":42},"end":{"line":7,"column":43}},"loc":{"start":{"line":7,"column":55},"end":{"line":9,"column":1}}}},"branchMap":{},"s":{"0":1,"1":1,"2":1},"f":{"0":1},"b":{}}
,"/Users/gonzoblasco/Projects/my-insurance-app/src/components/PokemonList.tsx": {"path":"/Users/gonzoblasco/Projects/my-insurance-app/src/components/PokemonList.tsx","statementMap":{"0":{"start":{"line":1,"column":0},"end":{"line":1,"column":41}},"1":{"start":{"line":2,"column":0},"end":{"line":2,"column":55}},"2":{"start":{"line":3,"column":0},"end":{"line":3,"column":53}},"3":{"start":{"line":6,"column":30},"end":{"line":33,"column":1}},"4":{"start":{"line":7,"column":19},"end":{"line":7,"column":32}},"5":{"start":{"line":8,"column":35},"end":{"line":9,"column":null}},"6":{"start":{"line":9,"column":26},"end":{"line":9,"column":39}},"7":{"start":{"line":12,"column":2},"end":{"line":16,"column":17}},"8":{"start":{"line":15,"column":4},"end":{"line":15,"column":29}},"9":{"start":{"line":18,"column":2},"end":{"line":20,"column":3}},"10":{"start":{"line":19,"column":4},"end":{"line":19,"column":29}},"11":{"start":{"line":22,"column":2},"end":{"line":24,"column":3}},"12":{"start":{"line":23,"column":4},"end":{"line":23,"column":33}},"13":{"start":{"line":26,"column":2},"end":{"line":32,"column":4}},"14":{"start":{"line":29,"column":8},"end":{"line":29,"column":32}},"15":{"start":{"line":35,"column":0},"end":{"line":35,"column":27}}},"fnMap":{"0":{"name":"(anonymous_0)","decl":{"start":{"line":6,"column":30},"end":{"line":6,"column":33}},"loc":{"start":{"line":6,"column":35},"end":{"line":33,"column":1}}},"1":{"name":"(anonymous_1)","decl":{"start":{"line":9,"column":4},"end":{"line":9,"column":5}},"loc":{"start":{"line":9,"column":26},"end":{"line":9,"column":39}}},"2":{"name":"(anonymous_2)","decl":{"start":{"line":12,"column":12},"end":{"line":12,"column":15}},"loc":{"start":{"line":12,"column":17},"end":{"line":16,"column":3}}},"3":{"name":"(anonymous_3)","decl":{"start":{"line":28,"column":16},"end":{"line":28,"column":17}},"loc":{"start":{"line":29,"column":8},"end":{"line":29,"column":32}}}},"branchMap":{"0":{"loc":{"start":{"line":18,"column":2},"end":{"line":20,"column":3}},"type":"if","locations":[{"start":{"line":18,"column":2},"end":{"line":20,"column":3}}]},"1":{"loc":{"start":{"line":22,"column":2},"end":{"line":24,"column":3}},"type":"if","locations":[{"start":{"line":22,"column":2},"end":{"line":24,"column":3}}]}},"s":{"0":1,"1":1,"2":1,"3":1,"4":3,"5":3,"6":6,"7":3,"8":1,"9":3,"10":1,"11":2,"12":0,"13":2,"14":2,"15":1},"f":{"0":3,"1":6,"2":1,"3":2},"b":{"0":[1],"1":[0]}}
,"/Users/gonzoblasco/Projects/my-insurance-app/src/components/UserForm.tsx": {"path":"/Users/gonzoblasco/Projects/my-insurance-app/src/components/UserForm.tsx","statementMap":{"0":{"start":{"line":1,"column":0},"end":{"line":1,"column":40}},"1":{"start":{"line":2,"column":0},"end":{"line":2,"column":55}},"2":{"start":{"line":3,"column":0},"end":{"line":3,"column":49}},"3":{"start":{"line":5,"column":0},"end":{"line":5,"column":24}},"4":{"start":{"line":7,"column":27},"end":{"line":30,"column":1}},"5":{"start":{"line":8,"column":19},"end":{"line":8,"column":32}},"6":{"start":{"line":9,"column":19},"end":{"line":9,"column":69}},"7":{"start":{"line":9,"column":53},"end":{"line":9,"column":68}},"8":{"start":{"line":10,"column":26},"end":{"line":10,"column":44}},"9":{"start":{"line":12,"column":23},"end":{"line":16,"column":3}},"10":{"start":{"line":13,"column":4},"end":{"line":13,"column":23}},"11":{"start":{"line":14,"column":4},"end":{"line":14,"column":32}},"12":{"start":{"line":15,"column":4},"end":{"line":15,"column":42}},"13":{"start":{"line":18,"column":2},"end":{"line":29,"column":4}},"14":{"start":{"line":25,"column":25},"end":{"line":25,"column":48}},"15":{"start":{"line":32,"column":0},"end":{"line":32,"column":24}}},"fnMap":{"0":{"name":"(anonymous_0)","decl":{"start":{"line":7,"column":27},"end":{"line":7,"column":30}},"loc":{"start":{"line":7,"column":32},"end":{"line":30,"column":1}}},"1":{"name":"(anonymous_1)","decl":{"start":{"line":9,"column":31},"end":{"line":9,"column":32}},"loc":{"start":{"line":9,"column":53},"end":{"line":9,"column":68}}},"2":{"name":"(anonymous_2)","decl":{"start":{"line":12,"column":23},"end":{"line":12,"column":24}},"loc":{"start":{"line":12,"column":46},"end":{"line":16,"column":3}}},"3":{"name":"(anonymous_3)","decl":{"start":{"line":25,"column":18},"end":{"line":25,"column":19}},"loc":{"start":{"line":25,"column":25},"end":{"line":25,"column":48}}}},"branchMap":{},"s":{"0":1,"1":1,"2":1,"3":1,"4":1,"5":2,"6":2,"7":3,"8":2,"9":2,"10":0,"11":0,"12":0,"13":2,"14":1,"15":1},"f":{"0":2,"1":3,"2":0,"3":1},"b":{}}
,"/Users/gonzoblasco/Projects/my-insurance-app/src/redux/pokemonSlice.ts": {"path":"/Users/gonzoblasco/Projects/my-insurance-app/src/redux/pokemonSlice.ts","statementMap":{"0":{"start":{"line":2,"column":0},"end":{"line":2,"column":80}},"1":{"start":{"line":15,"column":35},"end":{"line":19,"column":2}},"2":{"start":{"line":22,"column":13},"end":{"line":28,"column":2}},"3":{"start":{"line":25,"column":21},"end":{"line":25,"column":78}},"4":{"start":{"line":26,"column":4},"end":{"line":26,"column":43}},"5":{"start":{"line":31,"column":21},"end":{"line":53,"column":2}},"6":{"start":{"line":36,"column":4},"end":{"line":51,"column":9}},"7":{"start":{"line":38,"column":8},"end":{"line":38,"column":29}},"8":{"start":{"line":43,"column":10},"end":{"line":43,"column":32}},"9":{"start":{"line":44,"column":10},"end":{"line":44,"column":38}},"10":{"start":{"line":45,"column":10},"end":{"line":45,"column":29}},"11":{"start":{"line":49,"column":8},"end":{"line":49,"column":30}},"12":{"start":{"line":50,"column":8},"end":{"line":50,"column":72}},"13":{"start":{"line":55,"column":0},"end":{"line":55,"column":36}}},"fnMap":{"0":{"name":"(anonymous_0)","decl":{"start":{"line":24,"column":2},"end":{"line":24,"column":7}},"loc":{"start":{"line":24,"column":13},"end":{"line":27,"column":3}}},"1":{"name":"(anonymous_1)","decl":{"start":{"line":35,"column":17},"end":{"line":35,"column":18}},"loc":{"start":{"line":35,"column":29},"end":{"line":52,"column":3}}},"2":{"name":"(anonymous_2)","decl":{"start":{"line":37,"column":37},"end":{"line":37,"column":38}},"loc":{"start":{"line":37,"column":47},"end":{"line":39,"column":7}}},"3":{"name":"(anonymous_3)","decl":{"start":{"line":42,"column":8},"end":{"line":42,"column":9}},"loc":{"start":{"line":42,"column":52},"end":{"line":46,"column":9}}},"4":{"name":"(anonymous_4)","decl":{"start":{"line":48,"column":38},"end":{"line":48,"column":39}},"loc":{"start":{"line":48,"column":56},"end":{"line":51,"column":7}}}},"branchMap":{"0":{"loc":{"start":{"line":50,"column":22},"end":{"line":50,"column":71}},"type":"binary-expr","locations":[{"start":{"line":50,"column":22},"end":{"line":50,"column":42}},{"start":{"line":50,"column":46},"end":{"line":50,"column":71}}]}},"s":{"0":2,"1":2,"2":2,"3":1,"4":1,"5":2,"6":2,"7":1,"8":1,"9":1,"10":1,"11":0,"12":0,"13":2},"f":{"0":1,"1":2,"2":1,"3":1,"4":0},"b":{"0":[0,0]}}
,"/Users/gonzoblasco/Projects/my-insurance-app/src/redux/rootReducer.ts": {"path":"/Users/gonzoblasco/Projects/my-insurance-app/src/redux/rootReducer.ts","statementMap":{"0":{"start":{"line":2,"column":0},"end":{"line":2,"column":51}},"1":{"start":{"line":3,"column":0},"end":{"line":3,"column":44}},"2":{"start":{"line":4,"column":0},"end":{"line":4,"column":38}},"3":{"start":{"line":7,"column":20},"end":{"line":10,"column":2}},"4":{"start":{"line":12,"column":0},"end":{"line":12,"column":27}}},"fnMap":{},"branchMap":{},"s":{"0":2,"1":2,"2":2,"3":2,"4":2},"f":{},"b":{}}
,"/Users/gonzoblasco/Projects/my-insurance-app/src/redux/store.ts": {"path":"/Users/gonzoblasco/Projects/my-insurance-app/src/redux/store.ts","statementMap":{"0":{"start":{"line":2,"column":0},"end":{"line":2,"column":50}},"1":{"start":{"line":3,"column":0},"end":{"line":3,"column":40}},"2":{"start":{"line":5,"column":14},"end":{"line":7,"column":2}},"3":{"start":{"line":12,"column":0},"end":{"line":12,"column":21}}},"fnMap":{},"branchMap":{},"s":{"0":2,"1":2,"2":2,"3":2},"f":{},"b":{}}
,"/Users/gonzoblasco/Projects/my-insurance-app/src/redux/userSlice.ts": {"path":"/Users/gonzoblasco/Projects/my-insurance-app/src/redux/userSlice.ts","statementMap":{"0":{"start":{"line":2,"column":0},"end":{"line":2,"column":62}},"1":{"start":{"line":8,"column":32},"end":{"line":10,"column":2}},"2":{"start":{"line":12,"column":18},"end":{"line":20,"column":2}},"3":{"start":{"line":17,"column":6},"end":{"line":17,"column":34}},"4":{"start":{"line":22,"column":15},"end":{"line":22,"column":49}},"5":{"start":{"line":23,"column":0},"end":{"line":23,"column":33}}},"fnMap":{"0":{"name":"(anonymous_0)","decl":{"start":{"line":16,"column":17},"end":{"line":16,"column":18}},"loc":{"start":{"line":16,"column":58},"end":{"line":18,"column":5}}}},"branchMap":{},"s":{"0":2,"1":2,"2":2,"3":0,"4":2,"5":2},"f":{"0":0},"b":{}}
}
