TN:
SF:src/components/Greeting.tsx
FN:7,(anonymous_0)
FNF:1
FNH:1
FNDA:1,(anonymous_0)
DA:7,1
DA:8,1
DA:11,1
LF:3
LH:3
BRF:0
BRH:0
end_of_record
TN:
SF:src/components/PokemonList.tsx
FN:6,(anonymous_0)
FN:9,(anonymous_1)
FN:12,(anonymous_2)
FN:28,(anonymous_3)
FNF:4
FNH:4
FNDA:3,(anonymous_0)
FNDA:6,(anonymous_1)
FNDA:1,(anonymous_2)
FNDA:2,(anonymous_3)
DA:1,1
DA:2,1
DA:3,1
DA:6,1
DA:7,3
DA:8,3
DA:9,6
DA:12,3
DA:15,1
DA:18,3
DA:19,1
DA:22,2
DA:23,0
DA:26,2
DA:29,2
DA:35,1
LF:16
LH:15
BRDA:18,0,0,1
BRDA:22,1,0,0
BRF:2
BRH:1
end_of_record
TN:
SF:src/components/UserForm.tsx
FN:7,(anonymous_0)
FN:9,(anonymous_1)
FN:12,(anonymous_2)
FN:25,(anonymous_3)
FNF:4
FNH:3
FNDA:2,(anonymous_0)
FNDA:3,(anonymous_1)
FNDA:0,(anonymous_2)
FNDA:1,(anonymous_3)
DA:1,1
DA:2,1
DA:3,1
DA:5,1
DA:7,1
DA:8,2
DA:9,3
DA:10,2
DA:12,2
DA:13,0
DA:14,0
DA:15,0
DA:18,2
DA:25,1
DA:32,1
LF:15
LH:12
BRF:0
BRH:0
end_of_record
TN:
SF:src/redux/pokemonSlice.ts
FN:24,(anonymous_0)
FN:35,(anonymous_1)
FN:37,(anonymous_2)
FN:42,(anonymous_3)
FN:48,(anonymous_4)
FNF:5
FNH:4
FNDA:1,(anonymous_0)
FNDA:2,(anonymous_1)
FNDA:1,(anonymous_2)
FNDA:1,(anonymous_3)
FNDA:0,(anonymous_4)
DA:2,2
DA:15,2
DA:22,2
DA:25,1
DA:26,1
DA:31,2
DA:36,2
DA:38,1
DA:43,1
DA:44,1
DA:45,1
DA:49,0
DA:50,0
DA:55,2
LF:14
LH:12
BRDA:50,0,0,0
BRDA:50,0,1,0
BRF:2
BRH:0
end_of_record
TN:
SF:src/redux/rootReducer.ts
FNF:0
FNH:0
DA:2,2
DA:3,2
DA:4,2
DA:7,2
DA:12,2
LF:5
LH:5
BRF:0
BRH:0
end_of_record
TN:
SF:src/redux/store.ts
FNF:0
FNH:0
DA:2,2
DA:3,2
DA:5,2
DA:12,2
LF:4
LH:4
BRF:0
BRH:0
end_of_record
TN:
SF:src/redux/userSlice.ts
FN:16,(anonymous_0)
FNF:1
FNH:0
FNDA:0,(anonymous_0)
DA:2,2
DA:8,2
DA:12,2
DA:17,0
DA:22,2
DA:23,2
LF:6
LH:5
BRF:0
BRH:0
end_of_record
